<?xml version="1.0" encoding="UTF-8"?>
<!-- Generated by org.testng.reporters.JUnitReportReporter -->
<testsuite skipped="0" hostname="LAPTOP-5DN4VF2K" name="com.orangehrmlive.demo.testsuite.LoginPageTest" tests="1" failures="0" timestamp="2022-12-12T13:48:23 GMT" time="7.297" errors="0">
  <testcase name="userShouldNavigateToForgotPasswordPageSuccessfully" time="7.297" classname="com.orangehrmlive.demo.testsuite.LoginPageTest"/>
  <system-out>
    <![CDATA[click On Forgot Password Link[[ChromeDriver: chrome on WINDOWS (2c947a1ba06576dda5f273f1c731c5e1)] -> xpath: //p[@class='oxd-text oxd-text--p orangehrm-login-forgot-header']]
Get Reset Password Text[[ChromeDriver: chrome on WINDOWS (2c947a1ba06576dda5f273f1c731c5e1)] -> xpath: //h6[@class='oxd-text oxd-text--h6 orangehrm-forgot-password-title']]]]>
  </system-out>
</testsuite> <!-- com.orangehrmlive.demo.testsuite.LoginPageTest -->
